<?xml version="1.0" encoding="utf-8"?>
<TestRun id="c969b6c1-b164-4728-aaff-3b5a7090df0e" name="@Gospelsystems-D 2025-08-05 14:58:29" xmlns="http://microsoft.com/schemas/VisualStudio/TeamTest/2010">
  <Times creation="2025-08-05T14:58:29.4912361-03:00" queuing="2025-08-05T14:58:29.4912361-03:00" start="2025-08-05T14:58:27.2732769-03:00" finish="2025-08-05T14:58:29.5006080-03:00" />
  <TestSettings name="default" id="39ca94dc-e1bb-4f3a-852e-ea76aaddd36d">
    <Deployment runDeploymentRoot="_Gospelsystems-D_2025-08-05_14_58_29" />
  </TestSettings>
  <Results>
    <UnitTestResult executionId="d450838c-e203-46fe-a517-a02f22ba7eb4" testId="a55ac639-ead7-006e-40a5-a2b86aa28144" testName="EmployeeServiceTests.CreateEmployeeAsync_ShouldCreateEmployee_WhenDataIsValid" computerName="Gospelsystems-D" duration="00:00:00.0071662" startTime="2025-08-05T14:58:28.4041326-03:00" endTime="2025-08-05T14:58:28.4041327-03:00" testType="13cdc9d9-ddb5-4fa4-a97d-d965ccfc6d4b" outcome="Passed" testListId="8c84fa94-04c1-424b-9868-57a2d4851a1d" relativeResultsDirectory="d450838c-e203-46fe-a517-a02f22ba7eb4" />
    <UnitTestResult executionId="b64a9321-6951-4826-9d19-bc268047b01e" testId="c3bb5c5d-40f2-fd52-7075-515e18fe1d25" testName="EmployeeServiceTests.CreateEmployeeAsync_ShouldThrowException_WhenEmailAlreadyExists" computerName="Gospelsystems-D" duration="00:00:00.0027773" startTime="2025-08-05T14:58:28.3985075-03:00" endTime="2025-08-05T14:58:28.3985076-03:00" testType="13cdc9d9-ddb5-4fa4-a97d-d965ccfc6d4b" outcome="Passed" testListId="8c84fa94-04c1-424b-9868-57a2d4851a1d" relativeResultsDirectory="b64a9321-6951-4826-9d19-bc268047b01e" />
    <UnitTestResult executionId="d423d204-95b5-4999-a088-8ba2295a2004" testId="f3994592-40a5-f3eb-b246-4c0d2539344b" testName="EmployeeServiceTests.CreateEmployeeAsync_ShouldThrowException_WhenEmployeeIsUnder18" computerName="Gospelsystems-D" duration="00:00:00.0861032" startTime="2025-08-05T14:58:28.3942525-03:00" endTime="2025-08-05T14:58:28.3943008-03:00" testType="13cdc9d9-ddb5-4fa4-a97d-d965ccfc6d4b" outcome="Passed" testListId="8c84fa94-04c1-424b-9868-57a2d4851a1d" relativeResultsDirectory="d423d204-95b5-4999-a088-8ba2295a2004" />
    <UnitTestResult executionId="5a7c398d-3df2-453b-a357-127f596c0cc1" testId="4462e55e-6f17-24a9-d6c0-8a634cd7ad3e" testName="EmployeeServiceTests.CreateEmployeeAsync_ShouldThrowException_WhenDocNumberAlreadyExists" computerName="Gospelsystems-D" duration="00:00:00.0013824" startTime="2025-08-05T14:58:28.4056156-03:00" endTime="2025-08-05T14:58:28.4056157-03:00" testType="13cdc9d9-ddb5-4fa4-a97d-d965ccfc6d4b" outcome="Passed" testListId="8c84fa94-04c1-424b-9868-57a2d4851a1d" relativeResultsDirectory="5a7c398d-3df2-453b-a357-127f596c0cc1" />
    <UnitTestResult executionId="7ef3e2e7-cb3a-4500-9503-854cd34eda44" testId="efd89eee-31bf-4739-0ad7-3934b3aa1f36" testName="EmployeeServiceTests.CreateEmployeeAsync_ShouldThrowException_WhenCreatorRoleIsInsufficient" computerName="Gospelsystems-D" duration="00:00:00.0018141" startTime="2025-08-05T14:58:28.4076051-03:00" endTime="2025-08-05T14:58:28.4076055-03:00" testType="13cdc9d9-ddb5-4fa4-a97d-d965ccfc6d4b" outcome="Passed" testListId="8c84fa94-04c1-424b-9868-57a2d4851a1d" relativeResultsDirectory="7ef3e2e7-cb3a-4500-9503-854cd34eda44" />
  </Results>
  <TestDefinitions>
    <UnitTest name="EmployeeServiceTests.CreateEmployeeAsync_ShouldCreateEmployee_WhenDataIsValid" storage="/root/projetos/testes/employeemanagement/employeemanagement.application.tests/bin/release/net8.0/employeemanagement.application.tests.dll" id="a55ac639-ead7-006e-40a5-a2b86aa28144">
      <Execution id="d450838c-e203-46fe-a517-a02f22ba7eb4" />
      <TestMethod codeBase="/root/projetos/testes/EmployeeManagement/EmployeeManagement.Application.Tests/bin/Release/net8.0/EmployeeManagement.Application.Tests.dll" adapterTypeName="executor://xunit/VsTestRunner2/netcoreapp" className="EmployeeServiceTests" name="CreateEmployeeAsync_ShouldCreateEmployee_WhenDataIsValid" />
    </UnitTest>
    <UnitTest name="EmployeeServiceTests.CreateEmployeeAsync_ShouldThrowException_WhenCreatorRoleIsInsufficient" storage="/root/projetos/testes/employeemanagement/employeemanagement.application.tests/bin/release/net8.0/employeemanagement.application.tests.dll" id="efd89eee-31bf-4739-0ad7-3934b3aa1f36">
      <Execution id="7ef3e2e7-cb3a-4500-9503-854cd34eda44" />
      <TestMethod codeBase="/root/projetos/testes/EmployeeManagement/EmployeeManagement.Application.Tests/bin/Release/net8.0/EmployeeManagement.Application.Tests.dll" adapterTypeName="executor://xunit/VsTestRunner2/netcoreapp" className="EmployeeServiceTests" name="CreateEmployeeAsync_ShouldThrowException_WhenCreatorRoleIsInsufficient" />
    </UnitTest>
    <UnitTest name="EmployeeServiceTests.CreateEmployeeAsync_ShouldThrowException_WhenEmployeeIsUnder18" storage="/root/projetos/testes/employeemanagement/employeemanagement.application.tests/bin/release/net8.0/employeemanagement.application.tests.dll" id="f3994592-40a5-f3eb-b246-4c0d2539344b">
      <Execution id="d423d204-95b5-4999-a088-8ba2295a2004" />
      <TestMethod codeBase="/root/projetos/testes/EmployeeManagement/EmployeeManagement.Application.Tests/bin/Release/net8.0/EmployeeManagement.Application.Tests.dll" adapterTypeName="executor://xunit/VsTestRunner2/netcoreapp" className="EmployeeServiceTests" name="CreateEmployeeAsync_ShouldThrowException_WhenEmployeeIsUnder18" />
    </UnitTest>
    <UnitTest name="EmployeeServiceTests.CreateEmployeeAsync_ShouldThrowException_WhenDocNumberAlreadyExists" storage="/root/projetos/testes/employeemanagement/employeemanagement.application.tests/bin/release/net8.0/employeemanagement.application.tests.dll" id="4462e55e-6f17-24a9-d6c0-8a634cd7ad3e">
      <Execution id="5a7c398d-3df2-453b-a357-127f596c0cc1" />
      <TestMethod codeBase="/root/projetos/testes/EmployeeManagement/EmployeeManagement.Application.Tests/bin/Release/net8.0/EmployeeManagement.Application.Tests.dll" adapterTypeName="executor://xunit/VsTestRunner2/netcoreapp" className="EmployeeServiceTests" name="CreateEmployeeAsync_ShouldThrowException_WhenDocNumberAlreadyExists" />
    </UnitTest>
    <UnitTest name="EmployeeServiceTests.CreateEmployeeAsync_ShouldThrowException_WhenEmailAlreadyExists" storage="/root/projetos/testes/employeemanagement/employeemanagement.application.tests/bin/release/net8.0/employeemanagement.application.tests.dll" id="c3bb5c5d-40f2-fd52-7075-515e18fe1d25">
      <Execution id="b64a9321-6951-4826-9d19-bc268047b01e" />
      <TestMethod codeBase="/root/projetos/testes/EmployeeManagement/EmployeeManagement.Application.Tests/bin/Release/net8.0/EmployeeManagement.Application.Tests.dll" adapterTypeName="executor://xunit/VsTestRunner2/netcoreapp" className="EmployeeServiceTests" name="CreateEmployeeAsync_ShouldThrowException_WhenEmailAlreadyExists" />
    </UnitTest>
  </TestDefinitions>
  <TestEntries>
    <TestEntry testId="a55ac639-ead7-006e-40a5-a2b86aa28144" executionId="d450838c-e203-46fe-a517-a02f22ba7eb4" testListId="8c84fa94-04c1-424b-9868-57a2d4851a1d" />
    <TestEntry testId="c3bb5c5d-40f2-fd52-7075-515e18fe1d25" executionId="b64a9321-6951-4826-9d19-bc268047b01e" testListId="8c84fa94-04c1-424b-9868-57a2d4851a1d" />
    <TestEntry testId="f3994592-40a5-f3eb-b246-4c0d2539344b" executionId="d423d204-95b5-4999-a088-8ba2295a2004" testListId="8c84fa94-04c1-424b-9868-57a2d4851a1d" />
    <TestEntry testId="4462e55e-6f17-24a9-d6c0-8a634cd7ad3e" executionId="5a7c398d-3df2-453b-a357-127f596c0cc1" testListId="8c84fa94-04c1-424b-9868-57a2d4851a1d" />
    <TestEntry testId="efd89eee-31bf-4739-0ad7-3934b3aa1f36" executionId="7ef3e2e7-cb3a-4500-9503-854cd34eda44" testListId="8c84fa94-04c1-424b-9868-57a2d4851a1d" />
  </TestEntries>
  <TestLists>
    <TestList name="Results Not in a List" id="8c84fa94-04c1-424b-9868-57a2d4851a1d" />
    <TestList name="All Loaded Results" id="19431567-8539-422a-85d7-44ee4e166bda" />
  </TestLists>
  <ResultSummary outcome="Completed">
    <Counters total="5" executed="5" passed="5" failed="0" error="0" timeout="0" aborted="0" inconclusive="0" passedButRunAborted="0" notRunnable="0" notExecuted="0" disconnected="0" warning="0" completed="0" inProgress="0" pending="0" />
    <Output>
      <StdOut>[xUnit.net 00:00:00.00] xUnit.net VSTest Adapter v2.4.5+1caef2f33e (64-bit .NET 8.0.17)
[xUnit.net 00:00:00.46]   Discovering: EmployeeManagement.Application.Tests
[xUnit.net 00:00:00.50]   Discovered:  EmployeeManagement.Application.Tests
[xUnit.net 00:00:00.50]   Starting:    EmployeeManagement.Application.Tests
[xUnit.net 00:00:00.66]   Finished:    EmployeeManagement.Application.Tests
</StdOut>
    </Output>
  </ResultSummary>
</TestRun>